Unity Player [version: Unity 5.0.1f1_5a2e8fe35a68]

MLG FAPPYBURD.exe caused an Access Violation (0xc0000005)
  in module MLG FAPPYBURD.exe at 0023:015039fe.

Error occurred at 2015-05-10_150844.
C:\Users\Telerik\Desktop\Archive-a418\Archive-a418\MLG FLAPPY BURD FAPPING MACHINE - FOR JOEL\MLG FLAPPY BURD FAPPING MACHINE - FOR JOEL\MLG FLAPPY BURD FAPPING MACHINE - FOR JOEL\Pcbuild\MLG FAPPYBURD.exe, run by Telerik.
80% memory in use.
2048 MB physical memory [407 MB free].
0 MB paging file [1309 MB free].
0 MB user address space [3833 MB free].
Read from location 00000054 caused an access violation.

Context:
EDI:    0x00000000  ESI: 0x060f5010  EAX:   0x00000000
EBX:    0x00000032  ECX: 0x00004361  EDX:   0x0000062a
EIP:    0x015039fe  EBP: 0x00eafb9c  SegCs: 0x00000023
EFlags: 0x00010246  ESP: 0x00eafb7c  SegSs: 0x0000002b

Bytes at CS:EIP:
83 7f 54 00 74 32 8b cf e8 c5 3a 00 00 89 46 20 

Stack:
0x00eafb7c: 060f5010 00000000 00000032 01503a98 .P......2....:P.
0x00eafb8c: 040550b0 060f5010 014e69b1 00000003 .P...P...iN.....
0x00eafb9c: 00eafbd0 014e9a77 060f5010 00000003 ....w.N..P......
0x00eafbac: 00000082 9fcbd68a 04055168 0600f984 ........hQ......
0x00eafbbc: 06010500 00000148 00000000 060f5010 ....H........P..
0x00eafbcc: 04010100 00eafc08 014aca44 00000148 ........D.J.H...
0x00eafbdc: 039c7a90 04070770 00000001 00000000 .z..p...........
0x00eafbec: 00000000 00000000 00000000 040550b0 .............P..
0x00eafbfc: 00000148 040707c8 04055134 00eafc14 H.......4Q......
0x00eafc0c: 014acbdf 00000032 00eafc3c 01499992 ..J.2...<.....I.
0x00eafc1c: 00000032 00000010 039c7a90 00000001 2........z......
0x00eafc2c: 9fcbd685 00000082 00000001 00eafc58 ............X...
0x00eafc3c: 00eafc58 01499a65 00000000 00000010 X...e.I.........
0x00eafc4c: 04070770 00000000 00000001 00eafd34 p...........4...
0x00eafc5c: 014971a3 754d9c00 00000000 00000000 .qI...Mu........
0x00eafc6c: 00000000 00000059 00000000 00000000 ....Y...........
0x00eafc7c: 00000000 00000059 00000000 00000000 ....Y...........
0x00eafc8c: 00000000 00000059 00000000 00000000 ....Y...........
0x00eafc9c: 00000000 00000059 00000000 00000000 ....Y...........
0x00eafcac: 00000000 00000059 00000000 00000000 ....Y...........
0x00eafcbc: 00000000 00000059 00000000 00000000 ....Y...........
0x00eafccc: 00000000 00000059 00000000 00000000 ....Y...........
0x00eafcdc: 00000000 00000059 00000000 00000000 ....Y...........
0x00eafcec: 00000000 00000059 00000000 00000000 ....Y...........
0x00eafcfc: 6e696100 61746144 754d9c00 00000000 .ainData..Mu....
0x00eafd0c: 00000000 0000000f 00eafd30 039d9900 ........0.......
0x00eafd1c: 00eafd28 754d9c00 00000000 00000000 (.....Mu........
0x00eafd2c: 0000000f 00eafd64 00eafd64 0152dbb9 ....d...d.....R.
0x00eafd3c: 00000010 00000000 001102b2 000000a0 ................
0x00eafd4c: 00000014 007e0475 0e4e5a70 00000475 ....u.~.pZN.u...
0x00eafd5c: 0000007e 000004d0 00eafe98 0152f800 ~.............R.
0x00eafd6c: 0189bf22 00000000 fea1d000 04054d40 "...........@M..
0x00eafd7c: 00c0003f 00000fff 00000001 000000d7 ?...............
0x00eafd8c: 000000df 00000000 04054fb0 01011ec8 .........O......
0x00eafd9c: 01fddb58 7fffffff 000000dc 000000df X...............
0x00eafdac: 01011ec8 01fddb58 0000000f 0000000f ....X...........
0x00eafdbc: 7fffffff 00000000 02089928 01011650 ........(...P...
0x00eafdcc: 0000000f 00eafd00 00eafe04 018b6f99 .............o..
0x00eafddc: 01011ec8 01fddb58 0000000f 04054540 ....X.......@E..
0x00eafdec: 7fffffff 00000000 02089928 000000dd ........(.......
0x00eafdfc: 000000df 00eafe00 04054160 018a640c ........`A...d..
0x00eafe0c: 01011ec8 01fddb58 000000ce 000000cf ....X...........
0x00eafe1c: 00000003 616e614d 00646567 01011650 ....Managed.P...
0x00eafe2c: 756e6547 00000007 0000000f 00000000 Genu............
0x00eafe3c: 01157630 039abad0 039abb08 039abb08 0v..............
0x00eafe4c: 00eafe7c 72637300 696e6565 6c640064 |....screenid.dl
0x00eafe5c: 0189006c 00000000 0000000f 00eafe88 l...............
0x00eafe6c: 00000000 00eafe88 01896a07 0105320e .........j...2..
0x00eafe7c: 00000000 0000000f 00000000 00000000 ................
0x00eafe8c: 01157630 00000000 01157670 00eafeb0 0v......pv......
0x00eafe9c: 01864e98 012d0000 00000000 01053210 .N....-......2..
0x00eafeac: 00000001 00eaff40 0189becf 012d0000 ....@.........-.
0x00eafebc: 00000000 01053210 00000001 97e2ef96 .....2..........
0x00eafecc: 0189bf22 0189bf22 fea1d000 00000044 "...".......D...
0x00eafedc: 01051c12 01051bf2 01051a56 00000000 ........V.......
0x00eafeec: 00000000 00000000 00000000 00000000 ................
0x00eafefc: 00000000 00000000 00000401 00000001 ................
0x00eaff0c: 00000000 00000000 00010001 00000000 ................
0x00eaff1c: c0000005 0189bf22 00000000 00eafec8 ...."...........
0x00eaff2c: 00eaf724 00eaff8c 0189daf0 950af266 $...........f...
0x00eaff3c: 00000000 00eaff54 75f77c04 fea1d000 ....T....|.u....
0x00eaff4c: 75f77be0 b479dd1b 00eaff9c 77aaad1f .{.u..y........w
0x00eaff5c: fea1d000 b5cab01e 00000000 00000000 ................
0x00eaff6c: fea1d000 c0000005 7776f510 00000000 ..........vw....
0x00eaff7c: 00eaf704 b5cab01e 00eaff60 00eaf704 ........`.......
0x00eaff8c: 00eaffa4 77ae74a0 c28ae2b2 00000000 .....t.w........
0x00eaff9c: 00eaffac 77aaacea ffffffff 77a9023a .......w....:..w
0x00eaffac: 00000000 00000000 0189bf22 fea1d000 ........".......
0x00eaffbc: 00000000 00000000 00000000 00000000 ................
0x00eaffcc: 00000000 00000000 00000000 00000000 ................
0x00eaffdc: 00000000 00000000 00000000 00000000 ................
0x00eaffec: 00000000 00000000 00000000 00000000 ................
0x00eafffc: 00000000                            ....

Module 1
C:\Windows\SYSTEM32\xinput1_3.dll
Image Base: 0x00400000  Image Size: 0x00016000
File Size:  81768       File Time:  2007-04-04_195342
Version:
   Company:    Microsoft Corporation
   Product:    Microsoft® DirectX for Windows®
   FileDesc:   Microsoft Common Controller API
   FileVer:    9.18.944.0
   ProdVer:    9.18.944.0

Module 2
C:\Users\Telerik\Desktop\Archive-a418\Archive-a418\MLG FLAPPY BURD FAPPING MACHINE - FOR JOEL\MLG FLAPPY BURD FAPPING MACHINE - FOR JOEL\MLG FLAPPY BURD FAPPING MACHINE - FOR JOEL\Pcbuild\MLG FAPPYBURD.exe
Image Base: 0x012d0000  Image Size: 0x00fad000
File Size:  15665952    File Time:  2015-03-27_141514
Version:
   Company:    
   Product:    
   FileDesc:   
   FileVer:    5.0.1.11919
   ProdVer:    5.0.1.11919

Module 3
C:\Windows\system32\nvspcap.dll
Image Base: 0x10000000  Image Size: 0x00143000
File Size:  1316184     File Time:  2015-05-01_195128
Version:
   Company:    NVIDIA Corporation
   Product:    NVIDIA GeForce Experience
   FileDesc:   NVIDIA Capture Server Proxy
   FileVer:    2.4.3.22
   ProdVer:    2.4.3.22

Module 4
C:\Users\Telerik\Desktop\Archive-a418\Archive-a418\MLG FLAPPY BURD FAPPING MACHINE - FOR JOEL\MLG FLAPPY BURD FAPPING MACHINE - FOR JOEL\MLG FLAPPY BURD FAPPING MACHINE - FOR JOEL\Pcbuild\MLG FAPPYBURD_Data\Mono\mono.dll
Image Base: 0x10000000  Image Size: 0x0022f000
File Size:  2109216     File Time:  2015-03-27_141516
Version:
   Company:    
   Product:    
   FileDesc:   
   FileVer:    0.0.0.0
   ProdVer:    0.0.0.0

Module 5
C:\Windows\SYSTEM32\DDRAW.dll
Image Base: 0x6a490000  Image Size: 0x000ec000
File Size:  544256      File Time:  2014-10-29_035248
Version:
   Company:    Microsoft Corporation
   Product:    Microsoft® Windows® Operating System
   FileDesc:   Microsoft DirectDraw
   FileVer:    6.3.9600.17415
   ProdVer:    6.3.9600.17415

Module 6
C:\Windows\SYSTEM32\OPENGL32.dll
Image Base: 0x6a580000  Image Size: 0x000de000
File Size:  777728      File Time:  2014-10-29_045752
Version:
   Company:    Microsoft Corporation
   Product:    Microsoft® Windows® Operating System
   FileDesc:   OpenGL Client DLL
   FileVer:    6.3.9600.17415
   ProdVer:    6.3.9600.17415

Module 7
C:\Windows\SYSTEM32\dsound.dll
Image Base: 0x6d5a0000  Image Size: 0x00081000
File Size:  517120      File Time:  2014-10-29_044754
Version:
   Company:    Microsoft Corporation
   Product:    Microsoft® Windows® Operating System
   FileDesc:   DirectSound
   FileVer:    6.3.9600.17415
   ProdVer:    6.3.9600.17415

Module 8
C:\Windows\SYSTEM32\nvwgf2um.dll
Image Base: 0x6db00000  Image Size: 0x00f2f000
File Size:  15964736    File Time:  2014-03-27_154552
Version:
   Company:    NVIDIA Corporation
   Product:    NVIDIA D3D10 drivers
   FileDesc:   NVIDIA D3D10 Driver, Version 337.50 
   FileVer:    9.18.13.3750
   ProdVer:    9.18.13.3750

Module 9
C:\Windows\SYSTEM32\d3d11.dll
Image Base: 0x6f7f0000  Image Size: 0x001d9000
File Size:  1946144     File Time:  2014-10-29_061204
Version:
   Company:    Microsoft Corporation
   Product:    Microsoft® Windows® Operating System
   FileDesc:   Direct3D 11 Runtime
   FileVer:    6.3.9600.17415
   ProdVer:    6.3.9600.17415

Module 10
C:\Windows\SYSTEM32\dxgi.dll
Image Base: 0x70b10000  Image Size: 0x00069000
File Size:  430176      File Time:  2014-10-29_061204
Version:
   Company:    Microsoft Corporation
   Product:    Microsoft® Windows® Operating System
   FileDesc:   DirectX Graphics Infrastructure
   FileVer:    6.3.9600.17415
   ProdVer:    6.3.9600.17415

Module 11
C:\Windows\SYSTEM32\dbghelp.dll
Image Base: 0x70b80000  Image Size: 0x00141000
File Size:  1207296     File Time:  2014-10-29_035954
Version:
   Company:    Microsoft Corporation
   Product:    Microsoft® Windows® Operating System
   FileDesc:   Windows Image Helper
   FileVer:    6.3.9600.17415
   ProdVer:    6.3.9600.17415

Module 12
C:\Windows\SYSTEM32\AUDIOSES.DLL
Image Base: 0x70f20000  Image Size: 0x00060000
File Size:  370424      File Time:  2014-10-29_060710
Version:
   Company:    Microsoft Corporation
   Product:    Microsoft® Windows® Operating System
   FileDesc:   Audio Session
   FileVer:    6.3.9600.17415
   ProdVer:    6.3.9600.17415

Module 13
C:\Windows\SYSTEM32\MMDevAPI.DLL
Image Base: 0x70f80000  Image Size: 0x00053000
File Size:  331048      File Time:  2014-10-29_060702
Version:
   Company:    Microsoft Corporation
   Product:    Microsoft® Windows® Operating System
   FileDesc:   MMDevice API
   FileVer:    6.3.9600.17415
   ProdVer:    6.3.9600.17415

Module 14
C:\Windows\SYSTEM32\midimap.dll
Image Base: 0x71220000  Image Size: 0x00008000
File Size:  18944       File Time:  2014-10-29_045824
Version:
   Company:    Microsoft Corporation
   Product:    Microsoft® Windows® Operating System
   FileDesc:   Microsoft MIDI Mapper
   FileVer:    6.3.9600.17415
   ProdVer:    6.3.9600.17415

Module 15
C:\Windows\SYSTEM32\msacm32.drv
Image Base: 0x71230000  Image Size: 0x00009000
File Size:  23040       File Time:  2014-10-29_045432
Version:
   Company:    Microsoft Corporation
   Product:    Microsoft® Windows® Operating System
   FileDesc:   Microsoft Sound Mapper
   FileVer:    6.3.9600.17415
   ProdVer:    6.3.9600.17415

Module 16
C:\Windows\SYSTEM32\ksuser.dll
Image Base: 0x71240000  Image Size: 0x00007000
File Size:  19096       File Time:  2014-10-29_060702
Version:
   Company:    Microsoft Corporation
   Product:    Microsoft® Windows® Operating System
   FileDesc:   User CSA Library
   FileVer:    6.3.9600.17415
   ProdVer:    6.3.9600.17415

Module 17
C:\Windows\SYSTEM32\wdmaud.drv
Image Base: 0x71250000  Image Size: 0x00036000
File Size:  197120      File Time:  2014-10-29_035318
Version:
   Company:    Microsoft Corporation
   Product:    Microsoft® Windows® Operating System
   FileDesc:   Winmm  audio system driver
   FileVer:    6.3.9600.17415
   ProdVer:    6.3.9600.17415

Module 18
C:\Windows\SYSTEM32\powrprof.dll
Image Base: 0x717c0000  Image Size: 0x00040000
File Size:  255136      File Time:  2014-10-29_061846
Version:
   Company:    Microsoft Corporation
   Product:    Microsoft® Windows® Operating System
   FileDesc:   Power Profile Helper DLL
   FileVer:    6.3.9600.17415
   ProdVer:    6.3.9600.17415

Module 19
C:\Windows\WinSxS\x86_microsoft.windows.common-controls_6595b64144ccf1df_6.0.9600.17415_none_a9ed7f470139b3c1\comctl32.dll
Image Base: 0x71bc0000  Image Size: 0x00206000
File Size:  2105856     File Time:  2014-10-29_050302
Version:
   Company:    Microsoft Corporation
   Product:    Microsoft® Windows® Operating System
   FileDesc:   User Experience Controls Library
   FileVer:    6.10.9600.17415
   ProdVer:    6.3.9600.17415

Module 20
C:\Windows\SYSTEM32\AVRT.dll
Image Base: 0x71dd0000  Image Size: 0x0000a000
File Size:  31496       File Time:  2014-10-29_061134
Version:
   Company:    Microsoft Corporation
   Product:    Microsoft® Windows® Operating System
   FileDesc:   Multimedia Realtime Runtime
   FileVer:    6.3.9600.17415
   ProdVer:    6.3.9600.17415

Module 21
C:\Windows\SYSTEM32\DCIMAN32.dll
Image Base: 0x71ef0000  Image Size: 0x00007000
File Size:  11776       File Time:  2014-10-29_050002
Version:
   Company:    Microsoft Corporation
   Product:    Microsoft® Windows® Operating System
   FileDesc:   DCI Manager
   FileVer:    6.3.9600.17415
   ProdVer:    6.3.9600.17415

Module 22
C:\Windows\SYSTEM32\GLU32.dll
Image Base: 0x71f00000  Image Size: 0x00025000
File Size:  140288      File Time:  2014-10-29_045952
Version:
   Company:    Microsoft Corporation
   Product:    Microsoft® Windows® Operating System
   FileDesc:   OpenGL Utility Library DLL
   FileVer:    6.3.9600.17415
   ProdVer:    6.3.9600.17415

Module 23
C:\Windows\SYSTEM32\HID.DLL
Image Base: 0x71f30000  Image Size: 0x0000a000
File Size:  26624       File Time:  2014-10-29_040540
Version:
   Company:    Microsoft Corporation
   Product:    Microsoft® Windows® Operating System
   FileDesc:   Hid User Library
   FileVer:    6.3.9600.17415
   ProdVer:    6.3.9600.17415

Module 24
C:\Windows\SYSTEM32\DNSAPI.dll
Image Base: 0x71fa0000  Image Size: 0x0007e000
File Size:  498688      File Time:  2014-10-29_040628
Version:
   Company:    Microsoft Corporation
   Product:    Microsoft® Windows® Operating System
   FileDesc:   DNS Client API DLL
   FileVer:    6.3.9600.17415
   ProdVer:    6.3.9600.17415

Module 25
C:\Windows\SYSTEM32\WINHTTP.dll
Image Base: 0x72180000  Image Size: 0x0009f000
File Size:  631808      File Time:  2014-10-29_035622
Version:
   Company:    Microsoft Corporation
   Product:    Microsoft® Windows® Operating System
   FileDesc:   Windows HTTP Services
   FileVer:    6.3.9600.17415
   ProdVer:    6.3.9600.17415

Module 26
C:\Windows\SYSTEM32\MSACM32.dll
Image Base: 0x72240000  Image Size: 0x00017000
File Size:  89816       File Time:  2014-10-29_060702
Version:
   Company:    Microsoft Corporation
   Product:    Microsoft® Windows® Operating System
   FileDesc:   Microsoft ACM Audio Filter
   FileVer:    6.3.9600.17415
   ProdVer:    6.3.9600.17415

Module 27
C:\Windows\SYSTEM32\WINNSI.DLL
Image Base: 0x72c80000  Image Size: 0x00008000
File Size:  26304       File Time:  2014-10-29_060516
Version:
   Company:    Microsoft Corporation
   Product:    Microsoft® Windows® Operating System
   FileDesc:   Network Store Information RPC interface
   FileVer:    6.3.9600.17415
   ProdVer:    6.3.9600.17415

Module 28
C:\Windows\SYSTEM32\IPHLPAPI.DLL
Image Base: 0x72c90000  Image Size: 0x00020000
File Size:  120864      File Time:  2014-10-29_060516
Version:
   Company:    Microsoft Corporation
   Product:    Microsoft® Windows® Operating System
   FileDesc:   IP Helper API
   FileVer:    6.3.9600.17415
   ProdVer:    6.3.9600.17415

Module 29
C:\Windows\SYSTEM32\bcrypt.dll
Image Base: 0x72db0000  Image Size: 0x0001e000
File Size:  111104      File Time:  2014-10-29_040548
Version:
   Company:    Microsoft Corporation
   Product:    Microsoft® Windows® Operating System
   FileDesc:   Windows Cryptographic Primitives Library
   FileVer:    6.3.9600.17415
   ProdVer:    6.3.9600.17415

Module 30
C:\Windows\SYSTEM32\MSWSOCK.dll
Image Base: 0x72e20000  Image Size: 0x0004b000
File Size:  286208      File Time:  2014-10-29_040618
Version:
   Company:    Microsoft Corporation
   Product:    Microsoft® Windows® Operating System
   FileDesc:   Microsoft Windows Sockets 2.0 Service Provider
   FileVer:    6.3.9600.17415
   ProdVer:    6.3.9600.17415

Module 31
C:\Windows\SYSTEM32\WINMMBASE.dll
Image Base: 0x72e70000  Image Size: 0x00023000
File Size:  134280      File Time:  2014-10-29_060702
Version:
   Company:    Microsoft Corporation
   Product:    Microsoft® Windows® Operating System
   FileDesc:   Base Multimedia Extension API DLL
   FileVer:    6.3.9600.17415
   ProdVer:    6.3.9600.17415

Module 32
C:\Windows\system32\dwmapi.dll
Image Base: 0x72ff0000  Image Size: 0x0001a000
File Size:  102728      File Time:  2014-10-29_061204
Version:
   Company:    Microsoft Corporation
   Product:    Microsoft® Windows® Operating System
   FileDesc:   Microsoft Desktop Window Manager API
   FileVer:    6.3.9600.17415
   ProdVer:    6.3.9600.17415

Module 33
C:\Windows\SYSTEM32\WINMM.dll
Image Base: 0x73070000  Image Size: 0x00023000
File Size:  136840      File Time:  2014-10-29_060702
Version:
   Company:    Microsoft Corporation
   Product:    Microsoft® Windows® Operating System
   FileDesc:   MCI API DLL
   FileVer:    6.3.9600.17415
   ProdVer:    6.3.9600.17415

Module 34
C:\Windows\system32\uxtheme.dll
Image Base: 0x730a0000  Image Size: 0x000ed000
File Size:  949760      File Time:  2014-10-29_034830
Version:
   Company:    Microsoft Corporation
   Product:    Microsoft® Windows® Operating System
   FileDesc:   Microsoft UxTheme Library
   FileVer:    6.3.9600.17415
   ProdVer:    6.3.9600.17415

Module 35
C:\Windows\system32\apphelp.dll
Image Base: 0x73230000  Image Size: 0x000a0000
File Size:  642560      File Time:  2014-10-29_050014
Version:
   Company:    Microsoft Corporation
   Product:    Microsoft® Windows® Operating System
   FileDesc:   Application Compatibility Client Library
   FileVer:    6.3.9600.17415
   ProdVer:    6.3.9600.17415

Module 36
C:\Windows\SYSTEM32\shcore.dll
Image Base: 0x747b0000  Image Size: 0x0008b000
File Size:  560392      File Time:  2015-01-23_080234
Version:
   Company:    Microsoft Corporation
   Product:    Microsoft® Windows® Operating System
   FileDesc:   SHCORE
   FileVer:    6.3.9600.17666
   ProdVer:    6.3.9600.17666

Module 37
C:\Windows\SYSTEM32\kernel.appcore.dll
Image Base: 0x74f70000  Image Size: 0x00009000
File Size:  29920       File Time:  2014-10-29_061848
Version:
   Company:    Microsoft Corporation
   Product:    Microsoft® Windows® Operating System
   FileDesc:   AppModel API Host
   FileVer:    6.3.9600.17415
   ProdVer:    6.3.9600.17415

Module 38
C:\Windows\SYSTEM32\ntmarta.dll
Image Base: 0x75100000  Image Size: 0x00028000
File Size:  154392      File Time:  2014-10-29_061538
Version:
   Company:    Microsoft Corporation
   Product:    Microsoft® Windows® Operating System
   FileDesc:   Windows NT MARTA provider
   FileVer:    6.3.9600.17415
   ProdVer:    6.3.9600.17415

Module 39
C:\Windows\SYSTEM32\DEVOBJ.dll
Image Base: 0x75130000  Image Size: 0x00021000
File Size:  127552      File Time:  2014-10-29_061842
Version:
   Company:    Microsoft Corporation
   Product:    Microsoft® Windows® Operating System
   FileDesc:   Device Information Set DLL
   FileVer:    6.3.9600.17415
   ProdVer:    6.3.9600.17415

Module 40
C:\Windows\SYSTEM32\VERSION.dll
Image Base: 0x751d0000  Image Size: 0x00008000
File Size:  26304       File Time:  2014-10-29_061056
Version:
   Company:    Microsoft Corporation
   Product:    Microsoft® Windows® Operating System
   FileDesc:   Version Checking and File Installation Libraries
   FileVer:    6.3.9600.17415
   ProdVer:    6.3.9600.17415

Module 41
C:\Windows\SYSTEM32\bcryptPrimitives.dll
Image Base: 0x751e0000  Image Size: 0x00054000
File Size:  340848      File Time:  2014-10-29_061538
Version:
   Company:    Microsoft Corporation
   Product:    Microsoft® Windows® Operating System
   FileDesc:   Windows Cryptographic Primitives Library
   FileVer:    6.3.9600.17415
   ProdVer:    6.3.9600.17415

Module 42
C:\Windows\SYSTEM32\CRYPTBASE.dll
Image Base: 0x75240000  Image Size: 0x0000a000
File Size:  30984       File Time:  2014-10-29_060516
Version:
   Company:    Microsoft Corporation
   Product:    Microsoft® Windows® Operating System
   FileDesc:   Base cryptographic API DLL
   FileVer:    6.3.9600.17415
   ProdVer:    6.3.9600.17415

Module 43
C:\Windows\SYSTEM32\SspiCli.dll
Image Base: 0x75250000  Image Size: 0x0001e000
File Size:  104960      File Time:  2014-10-29_040606
Version:
   Company:    Microsoft Corporation
   Product:    Microsoft® Windows® Operating System
   FileDesc:   Security Support Provider Interface
   FileVer:    6.3.9600.17415
   ProdVer:    6.3.9600.17415

Module 44
C:\Windows\SYSTEM32\ADVAPI32.dll
Image Base: 0x75270000  Image Size: 0x0007c000
File Size:  507152      File Time:  2014-10-29_060614
Version:
   Company:    Microsoft Corporation
   Product:    Microsoft® Windows® Operating System
   FileDesc:   Advanced Windows 32 Base API
   FileVer:    6.3.9600.17415
   ProdVer:    6.3.9600.17415

Module 45
C:\Windows\SYSTEM32\IMM32.dll
Image Base: 0x752f0000  Image Size: 0x00027000
File Size:  141312      File Time:  2014-10-29_045950
Version:
   Company:    Microsoft Corporation
   Product:    Microsoft® Windows® Operating System
   FileDesc:   Multi-User Windows IMM32 API Client DLL
   FileVer:    6.3.9600.17415
   ProdVer:    6.3.9600.17415

Module 46
C:\Windows\SYSTEM32\GDI32.dll
Image Base: 0x75320000  Image Size: 0x0010e000
File Size:  1096704     File Time:  2014-10-29_041020
Version:
   Company:    Microsoft Corporation
   Product:    Microsoft® Windows® Operating System
   FileDesc:   GDI Client DLL
   FileVer:    6.3.9600.17415
   ProdVer:    6.3.9600.17415

Module 47
C:\Windows\SYSTEM32\cfgmgr32.dll
Image Base: 0x75470000  Image Size: 0x0003c000
File Size:  241168      File Time:  2014-10-29_061848
Version:
   Company:    Microsoft Corporation
   Product:    Microsoft® Windows® Operating System
   FileDesc:   Configuration Manager DLL
   FileVer:    6.3.9600.17415
   ProdVer:    6.3.9600.17415

Module 48
C:\Windows\SYSTEM32\PSAPI.DLL
Image Base: 0x754b0000  Image Size: 0x00006000
File Size:  16504       File Time:  2014-10-29_061844
Version:
   Company:    Microsoft Corporation
   Product:    Microsoft® Windows® Operating System
   FileDesc:   Process Status Helper
   FileVer:    6.3.9600.17415
   ProdVer:    6.3.9600.17415

Module 49
C:\Windows\SYSTEM32\USER32.dll
Image Base: 0x754c0000  Image Size: 0x00153000
File Size:  1376256     File Time:  2014-10-29_040436
Version:
   Company:    Microsoft Corporation
   Product:    Microsoft® Windows® Operating System
   FileDesc:   Multi-User Windows USER API Client DLL
   FileVer:    6.3.9600.17415
   ProdVer:    6.3.9600.17415

Module 50
C:\Windows\SYSTEM32\sechost.dll
Image Base: 0x75620000  Image Size: 0x00041000
File Size:  257216      File Time:  2015-03-24_004506
Version:
   Company:    Microsoft Corporation
   Product:    Microsoft® Windows® Operating System
   FileDesc:   Host for SCM/SDDL/LSA Lookup APIs
   FileVer:    6.3.9600.17734
   ProdVer:    6.3.9600.17734

Module 51
C:\Windows\SYSTEM32\ole32.dll
Image Base: 0x75700000  Image Size: 0x00128000
File Size:  1209624     File Time:  2014-10-29_061002
Version:
   Company:    Microsoft Corporation
   Product:    Microsoft® Windows® Operating System
   FileDesc:   Microsoft OLE for Windows
   FileVer:    6.3.9600.17415
   ProdVer:    6.3.9600.17415

Module 52
C:\Windows\SYSTEM32\combase.dll
Image Base: 0x759c0000  Image Size: 0x0017d000
File Size:  1564464     File Time:  2014-10-29_061002
Version:
   Company:    Microsoft Corporation
   Product:    Microsoft® Windows® Operating System
   FileDesc:   Microsoft COM for Windows
   FileVer:    6.3.9600.17415
   ProdVer:    6.3.9600.17415

Module 53
C:\Windows\SYSTEM32\clbcatq.dll
Image Base: 0x75d10000  Image Size: 0x0008d000
File Size:  569128      File Time:  2014-10-29_061002
Version:
   Company:    Microsoft Corporation
   Product:    Microsoft® Windows® Operating System
   FileDesc:   COM+ Configuration Catalog
   FileVer:    2001.12.10530.17415
   ProdVer:    6.3.9600.17415

Module 54
C:\Windows\SYSTEM32\SETUPAPI.dll
Image Base: 0x75da0000  Image Size: 0x001b1000
File Size:  1782912     File Time:  2014-10-29_061848
Version:
   Company:    Microsoft Corporation
   Product:    Microsoft® Windows® Operating System
   FileDesc:   Windows Setup API
   FileVer:    6.3.9600.17415
   ProdVer:    6.3.9600.17415

Module 55
C:\Windows\SYSTEM32\KERNEL32.DLL
Image Base: 0x75f60000  Image Size: 0x00140000
File Size:  1040384     File Time:  2014-10-29_045824
Version:
   Company:    Microsoft Corporation
   Product:    Microsoft® Windows® Operating System
   FileDesc:   Windows NT BASE API Client DLL
   FileVer:    6.3.9600.17415
   ProdVer:    6.3.9600.17415

Module 56
C:\Windows\SYSTEM32\OLEAUT32.dll
Image Base: 0x760a0000  Image Size: 0x00095000
File Size:  602776      File Time:  2014-12-19_112530
Version:
   Company:    Microsoft Corporation
   Product:    
   FileDesc:   
   FileVer:    6.3.9600.17560
   ProdVer:    6.3.9600.17560

Module 57
C:\Windows\SYSTEM32\SHLWAPI.dll
Image Base: 0x76140000  Image Size: 0x00045000
File Size:  278352      File Time:  2014-10-29_061056
Version:
   Company:    Microsoft Corporation
   Product:    Microsoft® Windows® Operating System
   FileDesc:   Shell Light-weight Utility Library
   FileVer:    6.3.9600.17415
   ProdVer:    6.3.9600.17415

Module 58
C:\Windows\SYSTEM32\WS2_32.dll
Image Base: 0x761c0000  Image Size: 0x00050000
File Size:  321248      File Time:  2014-10-29_060516
Version:
   Company:    Microsoft Corporation
   Product:    Microsoft® Windows® Operating System
   FileDesc:   Windows Socket 2.0 32-Bit DLL
   FileVer:    6.3.9600.17415
   ProdVer:    6.3.9600.17415

Module 59
C:\Windows\SYSTEM32\SHELL32.dll
Image Base: 0x762b0000  Image Size: 0x012ac000
File Size:  19731824    File Time:  2015-02-12_203408
Version:
   Company:    Microsoft Corporation
   Product:    Microsoft® Windows® Operating System
   FileDesc:   Windows Shell Common Dll
   FileVer:    6.3.9600.17680
   ProdVer:    6.3.9600.17680

Module 60
C:\Windows\SYSTEM32\msvcrt.dll
Image Base: 0x77570000  Image Size: 0x000c3000
File Size:  800008      File Time:  2014-10-29_060630
Version:
   Company:    Microsoft Corporation
   Product:    Microsoft® Windows® Operating System
   FileDesc:   Windows NT CRT DLL
   FileVer:    7.0.9600.17415
   ProdVer:    6.1.8638.17415

Module 61
C:\Windows\SYSTEM32\KERNELBASE.dll
Image Base: 0x776b0000  Image Size: 0x000d7000
File Size:  862720      File Time:  2014-10-29_050316
Version:
   Company:    Microsoft Corporation
   Product:    Microsoft® Windows® Operating System
   FileDesc:   Windows NT BASE API Client DLL
   FileVer:    6.3.9600.17415
   ProdVer:    6.3.9600.17415

Module 62
C:\Windows\SYSTEM32\NSI.dll
Image Base: 0x77790000  Image Size: 0x00007000
File Size:  20120       File Time:  2014-10-29_060516
Version:
   Company:    Microsoft Corporation
   Product:    Microsoft® Windows® Operating System
   FileDesc:   NSI User-mode interface DLL
   FileVer:    6.3.9600.17415
   ProdVer:    6.3.9600.17415

Module 63
C:\Windows\SYSTEM32\RPCRT4.dll
Image Base: 0x777a0000  Image Size: 0x000ba000
File Size:  747008      File Time:  2014-10-29_040756
Version:
   Company:    Microsoft Corporation
   Product:    Microsoft® Windows® Operating System
   FileDesc:   Remote Procedure Call Runtime
   FileVer:    6.3.9600.17415
   ProdVer:    6.3.9600.17415

Module 64
C:\Windows\SYSTEM32\MSCTF.dll
Image Base: 0x77860000  Image Size: 0x00112000
File Size:  1124352     File Time:  2015-03-14_111352
Version:
   Company:    Microsoft Corporation
   Product:    Microsoft® Windows® Operating System
   FileDesc:   MSCTF Server DLL
   FileVer:    6.3.9600.17706
   ProdVer:    6.3.9600.17706

Module 65
C:\Windows\SYSTEM32\ntdll.dll
Image Base: 0x77a50000  Image Size: 0x0016e000
File Size:  1498872     File Time:  2015-03-24_005900
Version:
   Company:    Microsoft Corporation
   Product:    Microsoft® Windows® Operating System
   FileDesc:   NT Layer DLL
   FileVer:    6.3.9600.17736
   ProdVer:    6.3.9600.17736


== [end of error.log] ==
